<?xml version="1.0" encoding="UTF-8"?>
<testsuite xmlns:xsi="http://www.w3.org/2001/XMLSchema-instance" xsi:noNamespaceSchemaLocation="https://maven.apache.org/surefire/maven-surefire-plugin/xsd/surefire-test-report.xsd" name="testcase.role.SaveTest" time="1.608" tests="13" errors="0" skipped="0" failures="1">
  <properties>
[...]
</properties>
  <testcase name="test01{Integer}[1]" classname="testcase.role.SaveTest" time="0.153"/>
  <testcase name="test01{Integer}[2]" classname="testcase.role.SaveTest" time="0.156"/>
  <testcase name="test01{Integer}[3]" classname="testcase.role.SaveTest" time="0.189"/>
  <testcase name="test01{Integer}[4]" classname="testcase.role.SaveTest" time="0.158"/>
  <testcase name="test01{Integer}[5]" classname="testcase.role.SaveTest" time="0.142"/>
  <testcase name="test01_false01{String}[1]" classname="testcase.role.SaveTest" time="0.067"/>
  <testcase name="test01_false01{String}[2]" classname="testcase.role.SaveTest" time="0.113"/>
  <testcase name="test01_false01{String}[3]" classname="testcase.role.SaveTest" time="0.121"/>
  <testcase name="test01_false01{String}[4]" classname="testcase.role.SaveTest" time="0.066">
    <failure message="1 expectation failed.&#10;JSON path code doesn&apos;t match.&#10;Expected: &lt;0&gt;&#10;  Actual: &lt;500&gt;&#10;" type="java.lang.AssertionError"><![CDATA[java.lang.AssertionError: 
1 expectation failed.
JSON path code doesn't match.
Expected: <0>
  Actual: <500>

	at testcase.role.SaveTest.test01_false01(SaveTest.java:90)
]]></failure>
    <system-out><![CDATA[Request method:	POST
Request URI:	http://localhost:8080/sys/role
Proxy:			<none>
Request params:	<none>
Query params:	<none>
Form params:	<none>
Path params:	<none>
Headers:		Authorization=d18b59f4a83d4988a2801fd03aadf8f5
				Accept=*/*
				Content-Type=application/json
Cookies:		<none>
Multiparts:		<none>
Body:
{
    "id": 10,
    "name": "应用管理员",
    "dataScope": 0,
    "orgIdList": [
        2
    ],
    "remark": "备注",
    "createTime": "2023-02-25 00:11:51"
}
HTTP/1.1 200 
Vary: Origin
Vary: Access-Control-Request-Method
Vary: Access-Control-Request-Headers
X-Content-Type-Options: nosniff
X-XSS-Protection: 1; mode=block
Cache-Control: no-cache, no-store, max-age=0, must-revalidate
Pragma: no-cache
Expires: 0
Content-Type: application/json
Transfer-Encoding: chunked
Date: Fri, 24 Feb 2023 16:11:51 GMT
Keep-Alive: timeout=60
Connection: keep-alive

{
    "code": 500,
    "msg": "服务器异常，请稍后再试",
    "data": null
}
Request method:	DELETE
Request URI:	http://localhost:8080/sys/role
Proxy:			<none>
Request params:	<none>
Query params:	<none>
Form params:	<none>
Path params:	<none>
Headers:		Authorization=d18b59f4a83d4988a2801fd03aadf8f5
				Accept=*/*
				Content-Type=application/json
Cookies:		<none>
Multiparts:		<none>
Body:
[
    10
]
HTTP/1.1 200 
Vary: Origin
Vary: Access-Control-Request-Method
Vary: Access-Control-Request-Headers
X-Content-Type-Options: nosniff
X-XSS-Protection: 1; mode=block
Cache-Control: no-cache, no-store, max-age=0, must-revalidate
Pragma: no-cache
Expires: 0
Content-Type: application/json
Transfer-Encoding: chunked
Date: Fri, 24 Feb 2023 16:11:51 GMT
Keep-Alive: timeout=60
Connection: keep-alive

{
    "code": 0,
    "msg": "success",
    "data": null
}
]]></system-out>
  </testcase>
  <testcase name="test01_false01{String}[5]" classname="testcase.role.SaveTest" time="0.122"/>
  <testcase name="test01_false01{String}[6]" classname="testcase.role.SaveTest" time="0.111"/>
  <testcase name="test01_false02{String, String}[1]" classname="testcase.role.SaveTest" time="0.111"/>
  <testcase name="test01_false04" classname="testcase.role.SaveTest" time="0.064"/>
</testsuite>